#
# A fatal error has been detected by the Java Runtime Environment:
#
#  EXCEPTION_ACCESS_VIOLATION (0xc0000005) at pc=0x74c2c585, pid=5140, tid=3804
#
# JRE version: 6.0_17-b04
# Java VM: Java HotSpot(TM) Client VM (14.3-b01 mixed mode windows-x86 )
# Problematic frame:
# C  0x74c2c585
#
# If you would like to submit a bug report, please visit:
#   http://java.sun.com/webapps/bugreport/crash.jsp
#

---------------  T H R E A D  ---------------

Current thread (0x1ec65000):  JavaThread "Code Analyzer updating thread" [_thread_in_vm, id=3804, stack(0x77c20000,0x77ca0000)]

siginfo: ExceptionCode=0xc0000005, reading address 0x00000000

Registers:
EAX=0x00000000, EBX=0x1ec65110, ECX=0x1ec65000, EDX=0x74d467a4
ESP=0x77c9f258, EBP=0x77c9f2a0, ESI=0x1ec65000, EDI=0x00000000
EIP=0x74c2c585, EFLAGS=0x00010246

Top of Stack: (sp=0x77c9f258)
0x77c9f258:   0f851f58 1ec65110 73f02fba 77c9f2fc
0x77c9f268:   74d1dff0 74d1f2f0 ffffffff 77c9f284
0x77c9f278:   74b310e0 1ec65000 77c9fd00 77c9f2b4
0x77c9f288:   74c2f5b9 1ec65000 1ec65000 1ec65294
0x77c9f298:   000004bb 74d467a4 77c9f2b8 73f010fd
0x77c9f2a8:   1ec65110 0f851f58 00000000 77c9f2cc
0x77c9f2b8:   77c9fb28 73f02fea 1ec65110 0f851f58
0x77c9f2c8:   00000000 78aa2dc7 77c9fb1c 77c9f56c 

Instructions: (pc=0x74c2c585)
0x74c2c575:   00 00 00 74 08 8d 4d f0 e8 3e 24 08 00 8b 7d 10
0x74c2c585:   8b 07 c7 45 e0 0c 00 00 00 8b 48 08 0f b7 51 26 


Stack: [0x77c20000,0x77ca0000],  sp=0x77c9f258,  free space=508k
Native frames: (J=compiled Java code, j=interpreted, Vv=VM code, C=native code)
C  0x74c2c585
C  0x73f010fd
C  0x73f02fea
j  com.mathworks.widgets.text.mcode.MLint.nativeGetMessages(Ljava/lang/String;Ljava/lang/String;)Ljava/util/List;+0
j  com.mathworks.widgets.text.mcode.MLint.getMessages(Ljava/lang/String;Ljava/lang/String;Lcom/mathworks/widgets/text/mcode/MLintConfiguration;Z)Ljava/util/List;+67
j  com.mathworks.widgets.text.mcode.analyzer.CodeAnalyzerThread.doMLint()V+95
j  com.mathworks.widgets.text.mcode.analyzer.CodeAnalyzerThread.access$400(Lcom/mathworks/widgets/text/mcode/analyzer/CodeAnalyzerThread;)V+1
j  com.mathworks.widgets.text.mcode.analyzer.CodeAnalyzerThread$MLintRunnable.run()V+14
j  java.lang.Thread.run()V+11
v  ~StubRoutines::call_stub
C  0x74c1cf9c
C  0x74ca41d1
C  0x74c1d167
C  0x74c1d1dd
C  0x74c46290
C  0x74d00414
C  0x74ca3e4c
C  0x7d919565
C  [kernel32.dll+0xb729]

Java frames: (J=compiled Java code, j=interpreted, Vv=VM code)
j  com.mathworks.widgets.text.mcode.MLint.nativeGetMessages(Ljava/lang/String;Ljava/lang/String;)Ljava/util/List;+0
j  com.mathworks.widgets.text.mcode.MLint.getMessages(Ljava/lang/String;Ljava/lang/String;Lcom/mathworks/widgets/text/mcode/MLintConfiguration;Z)Ljava/util/List;+67
j  com.mathworks.widgets.text.mcode.analyzer.CodeAnalyzerThread.doMLint()V+95
j  com.mathworks.widgets.text.mcode.analyzer.CodeAnalyzerThread.access$400(Lcom/mathworks/widgets/text/mcode/analyzer/CodeAnalyzerThread;)V+1
j  com.mathworks.widgets.text.mcode.analyzer.CodeAnalyzerThread$MLintRunnable.run()V+14
j  java.lang.Thread.run()V+11
v  ~StubRoutines::call_stub

---------------  P R O C E S S  ---------------

Java Threads: ( => current thread )
=>0x1ec65000 JavaThread "Code Analyzer updating thread" [_thread_in_vm, id=3804, stack(0x77c20000,0x77ca0000)]
  0x1ec64000 JavaThread "Prefs Updater" daemon [_thread_blocked, id=4304, stack(0x76bb0000,0x76c30000)]
  0x1ef61400 JavaThread "Code Analyzer updating thread" [_thread_blocked, id=1804, stack(0x20c70000,0x20cf0000)]
  0x1ef5e800 JavaThread "Code Analyzer updating thread" [_thread_blocked, id=4368, stack(0x20bf0000,0x20c70000)]
  0x1eec0800 JavaThread "Code Analyzer updating thread" [_thread_blocked, id=5520, stack(0x20b70000,0x20bf0000)]
  0x1ec10800 JavaThread "Code Analyzer updating thread" [_thread_blocked, id=4396, stack(0x20af0000,0x20b70000)]
  0x1ec85000 JavaThread "Code Analyzer updating thread" [_thread_blocked, id=4408, stack(0x20a70000,0x20af0000)]
  0x1ec02c00 JavaThread "Code Analyzer updating thread" [_thread_blocked, id=1944, stack(0x209f0000,0x20a70000)]
  0x1ebce800 JavaThread "Code Analyzer updating thread" [_thread_blocked, id=4488, stack(0x20970000,0x209f0000)]
  0x1ec26c00 JavaThread "Code Analyzer updating thread" [_thread_blocked, id=4404, stack(0x208e0000,0x20960000)]
  0x1eba6000 JavaThread "Active Reference Queue Daemon" daemon [_thread_blocked, id=5136, stack(0x20680000,0x20700000)]
  0x0f7fbc00 JavaThread "Timer-1" daemon [_thread_blocked, id=3828, stack(0x20600000,0x20680000)]
  0x1eba4800 JavaThread "ClipboardMonitor Timer" daemon [_thread_blocked, id=5080, stack(0x20580000,0x20600000)]
  0x0f99c400 JavaThread "Explorer NavigationContext request queue" daemon [_thread_blocked, id=5020, stack(0x20500000,0x20580000)]
  0x0f9ae000 JavaThread "AddressBar directory emptiness poller" daemon [_thread_blocked, id=5376, stack(0x20380000,0x20400000)]
  0x0f919400 JavaThread "Explorer Refresh Service 8630671" daemon [_thread_blocked, id=5112, stack(0x20300000,0x20380000)]
  0x0f8b0000 JavaThread "TimerQueue" daemon [_thread_blocked, id=5336, stack(0x1e990000,0x1ea10000)]
  0x0f7ff400 JavaThread "Thread-3" daemon [_thread_blocked, id=4628, stack(0x1e910000,0x1e990000)]
  0x0f7fcc00 JavaThread "FelixPackageAdmin" daemon [_thread_blocked, id=4380, stack(0x1e890000,0x1e910000)]
  0x0f826400 JavaThread "FelixStartLevel" daemon [_thread_blocked, id=4152, stack(0x1e810000,0x1e890000)]
  0x0f80a400 JavaThread "FelixDispatchQueue" daemon [_thread_blocked, id=1820, stack(0x0ff20000,0x0ffa0000)]
  0x0f6eb400 JavaThread "AWT-EventQueue-0" [_thread_blocked, id=4544, stack(0x0fde0000,0x0fe60000)]
  0x0f6f3000 JavaThread "com.google.common.base.internal.Finalizer" daemon [_thread_blocked, id=4556, stack(0x0fd40000,0x0fdc0000)]
  0x0f19e400 JavaThread "Timer-0" [_thread_blocked, id=3532, stack(0x0fc30000,0x0fcb0000)]
  0x0f5fa800 JavaThread "AWT-Windows" daemon [_thread_in_native, id=4024, stack(0x0fae0000,0x0fb60000)]
  0x0f695400 JavaThread "AWT-Shutdown" [_thread_blocked, id=1968, stack(0x0fa60000,0x0fae0000)]
  0x0f25e400 JavaThread "Java2D Disposer" daemon [_thread_blocked, id=4664, stack(0x0f9e0000,0x0fa60000)]
  0x0f3dec00 JavaThread "EventMgr Dispatcher" daemon [_thread_in_native, id=4116, stack(0x1e010000,0x1e810000)]
  0x0ae97800 JavaThread "Low Memory Detector" daemon [_thread_blocked, id=5996, stack(0x0e200000,0x0e280000)]
  0x0ae84400 JavaThread "CompilerThread0" daemon [_thread_blocked, id=1964, stack(0x0da00000,0x0e200000)]
  0x0ae83000 JavaThread "Attach Listener" daemon [_thread_blocked, id=5348, stack(0x0d980000,0x0da00000)]
  0x0ae6ec00 JavaThread "Finalizer" daemon [_thread_blocked, id=5732, stack(0x0d900000,0x0d980000)]
  0x0ae6d400 JavaThread "Reference Handler" daemon [_thread_blocked, id=1384, stack(0x0d880000,0x0d900000)]
  0x0adf1400 JavaThread "main" [_thread_in_native, id=5828, stack(0x00430000,0x00c30000)]

Other Threads:
  0x0ae6a400 VMThread [stack: 0x0d080000,0x0d880000] [id=2464]
  0x0ae9b800 WatcherThread [stack: 0x0e280000,0x0ea80000] [id=4448]

VM state:not at safepoint (normal execution)

VM Mutex/Monitor currently owned by a thread: None

Heap
 def new generation   total 18048K, used 11531K [0x10010000, 0x113a0000, 0x12010000)
  eden space 16064K,  65% used [0x10010000, 0x10a671e8, 0x10fc0000)
  from space 1984K,  47% used [0x111b0000, 0x1129bad8, 0x113a0000)
  to   space 1984K,   0% used [0x10fc0000, 0x10fc0000, 0x111b0000)
 tenured generation   total 59816K, used 41134K [0x12010000, 0x15a7a000, 0x18010000)
   the space 59816K,  68% used [0x12010000, 0x1483ba40, 0x1483bc00, 0x15a7a000)
 compacting perm gen  total 42752K, used 42649K [0x18010000, 0x1a9d0000, 0x1e010000)
   the space 42752K,  99% used [0x18010000, 0x1a9b6580, 0x1a9b6600, 0x1a9d0000)
No shared spaces configured.

Dynamic libraries:
0x00400000 - 0x00425000 	C:\Program Files\MATLAB\R2013a\bin\win32\MATLAB.exe
0x7c940000 - 0x7c9df000 	C:\WINDOWS\system32\ntdll.dll
0x7c800000 - 0x7c933000 	C:\WINDOWS\system32\kernel32.dll
0x7ef10000 - 0x7efa1000 	C:\Program Files\MATLAB\R2013a\bin\win32\libut.dll
0x7dce0000 - 0x7dd75000 	C:\Program Files\MATLAB\R2013a\bin\win32\libmwi18n.dll
0x10000000 - 0x1000b000 	C:\Program Files\MATLAB\R2013a\bin\win32\libmwresource_core.dll
0x78050000 - 0x780b9000 	C:\Program Files\MATLAB\R2013a\bin\win32\MSVCP100.dll
0x78aa0000 - 0x78b5f000 	C:\Program Files\MATLAB\R2013a\bin\win32\MSVCR100.dll
0x73d00000 - 0x73d0c000 	C:\Program Files\MATLAB\R2013a\bin\win32\boost_date_time-vc100-mt-1_49.dll
0x736b0000 - 0x736d5000 	C:\Program Files\MATLAB\R2013a\bin\win32\boost_filesystem-vc100-mt-1_49.dll
0x73f70000 - 0x73f77000 	C:\Program Files\MATLAB\R2013a\bin\win32\boost_system-vc100-mt-1_49.dll
0x77d80000 - 0x77e29000 	C:\WINDOWS\system32\ADVAPI32.dll
0x77e30000 - 0x77ec3000 	C:\WINDOWS\system32\RPCRT4.dll
0x77fa0000 - 0x77fb1000 	C:\WINDOWS\system32\Secur32.dll
0x73550000 - 0x73571000 	C:\Program Files\MATLAB\R2013a\bin\win32\LIBEXPAT.dll
0x72eb0000 - 0x72ff9000 	C:\Program Files\MATLAB\R2013a\bin\win32\icuin49.dll
0x7ea10000 - 0x7eb17000 	C:\Program Files\MATLAB\R2013a\bin\win32\icuuc49.dll
0x00c30000 - 0x01d52000 	C:\Program Files\MATLAB\R2013a\bin\win32\icudt49.dll
0x73db0000 - 0x73dbd000 	C:\Program Files\MATLAB\R2013a\bin\win32\icuio49.dll
0x01d60000 - 0x01eb3000 	C:\Program Files\MATLAB\R2013a\bin\win32\libmwfl.dll
0x01ec0000 - 0x021e3000 	C:\Program Files\MATLAB\R2013a\bin\win32\libmwMATLAB_res.dll
0x7f130000 - 0x7f1e4000 	C:\Program Files\MATLAB\R2013a\bin\win32\boost_regex-vc100-mt-1_49.dll
0x77cf0000 - 0x77d80000 	C:\WINDOWS\system32\USER32.dll
0x77ed0000 - 0x77f19000 	C:\WINDOWS\system32\GDI32.dll
0x73c80000 - 0x73c8e000 	C:\Program Files\MATLAB\R2013a\bin\win32\boost_signals-vc100-mt-1_49.dll
0x73d10000 - 0x73d1e000 	C:\Program Files\MATLAB\R2013a\bin\win32\boost_thread-vc100-mt-1_49.dll
0x002d0000 - 0x00344000 	C:\Program Files\MATLAB\R2013a\bin\win32\boost_log-vc100-mt-1_49.dll
0x76ba0000 - 0x76bab000 	C:\WINDOWS\system32\PSAPI.DLL
0x719e0000 - 0x719f7000 	C:\WINDOWS\system32\WS2_32.dll
0x77bc0000 - 0x77c18000 	C:\WINDOWS\system32\msvcrt.dll
0x719d0000 - 0x719d8000 	C:\WINDOWS\system32\WS2HELP.dll
0x00350000 - 0x00378000 	C:\Program Files\MATLAB\R2013a\bin\win32\tbb.dll
0x76c40000 - 0x76c69000 	C:\WINDOWS\system32\imagehlp.dll
0x74a10000 - 0x74a18000 	C:\WINDOWS\system32\POWRPROF.dll
0x00380000 - 0x00399000 	C:\Program Files\MATLAB\R2013a\bin\win32\libmwmfl_scalar.dll
0x021f0000 - 0x02291000 	C:\WINDOWS\system32\dbghelp.dll
0x77bb0000 - 0x77bb8000 	C:\WINDOWS\system32\VERSION.dll
0x022a0000 - 0x02536000 	C:\Program Files\MATLAB\R2013a\bin\win32\libmwservices.dll
0x7db50000 - 0x7dc0c000 	C:\Program Files\MATLAB\R2013a\bin\win32\libmx.dll
0x003a0000 - 0x003b8000 	C:\Program Files\MATLAB\R2013a\bin\win32\tbbmalloc.dll
0x73730000 - 0x73744000 	C:\Program Files\MATLAB\R2013a\bin\win32\zlib1.dll
0x003c0000 - 0x003fd000 	C:\Program Files\MATLAB\R2013a\bin\win32\libmwregexp.dll
0x7df40000 - 0x7df78000 	C:\Program Files\MATLAB\R2013a\bin\win32\mpath.dll
0x72990000 - 0x72ea3000 	C:\Program Files\MATLAB\R2013a\bin\win32\mlutil.dll
0x7d670000 - 0x7d6d2000 	C:\Program Files\MATLAB\R2013a\bin\win32\xmlcore.dll
0x71cf0000 - 0x71eb0000 	C:\Program Files\MATLAB\R2013a\bin\win32\xerces-c_2_7.dll
0x02550000 - 0x0256f000 	C:\Program Files\MATLAB\R2013a\bin\win32\libmwMATLAB_settings_res.dll
0x02570000 - 0x0257d000 	C:\Program Files\MATLAB\R2013a\bin\win32\boost_iostreams-vc100-mt-1_49.dll
0x02580000 - 0x025be000 	C:\Program Files\MATLAB\R2013a\bin\win32\boost_serialization-vc100-mt-1_49.dll
0x025c0000 - 0x02dc0000 	C:\WINDOWS\system32\SHELL32.dll
0x77f20000 - 0x77f96000 	C:\WINDOWS\system32\SHLWAPI.dll
0x02dc0000 - 0x02dc5000 	C:\Program Files\MATLAB\R2013a\bin\win32\libmwnativedisplay.dll
0x02dd0000 - 0x02e6a000 	C:\WINDOWS\system32\COMCTL32.dll
0x76300000 - 0x76348000 	C:\WINDOWS\system32\COMDLG32.dll
0x02e70000 - 0x02ec5000 	C:\WINDOWS\system32\NETAPI32.dll
0x76970000 - 0x76aae000 	C:\WINDOWS\system32\ole32.dll
0x770d0000 - 0x7715b000 	C:\WINDOWS\system32\OLEAUT32.dll
0x7f270000 - 0x7f2f7000 	C:\Program Files\MATLAB\R2013a\bin\win32\mcr.dll
0x02ed0000 - 0x0325e000 	C:\Program Files\MATLAB\R2013a\bin\win32\iqm.dll
0x7f630000 - 0x7f6b1000 	C:\Program Files\MATLAB\R2013a\bin\win32\m_dispatcher.dll
0x7b920000 - 0x7be74000 	C:\Program Files\MATLAB\R2013a\bin\win32\m_interpreter.dll
0x73dc0000 - 0x73ddc000 	C:\Program Files\MATLAB\R2013a\bin\win32\libmex.dll
0x7d8b0000 - 0x7d910000 	C:\Program Files\MATLAB\R2013a\bin\win32\profiler.dll
0x03260000 - 0x034cc000 	C:\Program Files\MATLAB\R2013a\bin\win32\libmwmathutil.dll
0x734f0000 - 0x7350f000 	C:\Program Files\MATLAB\R2013a\bin\win32\libmwmathrng.dll
0x034d0000 - 0x034de000 	C:\Program Files\MATLAB\R2013a\bin\win32\libmwmfl_rng.dll
0x7c390000 - 0x7c43b000 	C:\Program Files\MATLAB\R2013a\bin\win32\libmwmathcore.dll
0x7e000000 - 0x7e048000 	C:\Program Files\MATLAB\R2013a\bin\win32\libmwspmatrix.dll
0x72390000 - 0x72540000 	C:\Program Files\MATLAB\R2013a\bin\win32\mcos.dll
0x034e0000 - 0x0352b000 	C:\Program Files\MATLAB\R2013a\bin\win32\libmwcholmod.dll
0x73e70000 - 0x73e7a000 	C:\Program Files\MATLAB\R2013a\bin\win32\libmwamd.dll
0x78520000 - 0x785c3000 	C:\WINDOWS\WinSxS\x86_Microsoft.VC90.CRT_1fc8b3b9a1e18e3b_9.0.30729.6161_x-ww_31a54e43\MSVCR90.dll
0x73e80000 - 0x73e8a000 	C:\Program Files\MATLAB\R2013a\bin\win32\libmwcolamd.dll
0x03560000 - 0x0356b000 	C:\Program Files\MATLAB\R2013a\bin\win32\libmwblas.dll
0x73d30000 - 0x73d41000 	C:\Program Files\MATLAB\R2013a\bin\win32\libmwbinder.dll
0x73ea0000 - 0x73ea9000 	C:\Program Files\MATLAB\R2013a\bin\win32\libmwompwrapper.dll
0x73030000 - 0x73064000 	C:\Program Files\MATLAB\R2013a\bin\win32\libmwlapack.dll
0x73bf0000 - 0x73c07000 	C:\Program Files\MATLAB\R2013a\bin\win32\m_pcodeio.dll
0x7e080000 - 0x7e0c9000 	C:\Program Files\MATLAB\R2013a\bin\win32\m_ir.dll
0x70000000 - 0x70590000 	C:\Program Files\MATLAB\R2013a\bin\win32\m_parser.dll
0x03570000 - 0x03581000 	C:\Program Files\MATLAB\R2013a\bin\win32\ir_xfmr.dll
0x73e90000 - 0x73e9e000 	C:\Program Files\MATLAB\R2013a\bin\win32\mtok.dll
0x03590000 - 0x035b1000 	C:\Program Files\MATLAB\R2013a\bin\win32\m_pcodegen.dll
0x7e1c0000 - 0x7e1e7000 	C:\Program Files\MATLAB\R2013a\bin\win32\libmwbridge.dll
0x7f390000 - 0x7f421000 	C:\Program Files\MATLAB\R2013a\bin\win32\udd.dll
0x7e6f0000 - 0x7e808000 	C:\Program Files\MATLAB\R2013a\bin\win32\libmwgui.dll
0x73c10000 - 0x73c2d000 	C:\Program Files\MATLAB\R2013a\bin\win32\graphics_util.dll
0x035c0000 - 0x03672000 	C:\Program Files\MATLAB\R2013a\bin\win32\libtex_base.dll
0x03680000 - 0x03dcc000 	C:\Program Files\MATLAB\R2013a\bin\win32\hg.dll
0x03dd0000 - 0x03e16000 	C:\Program Files\MATLAB\R2013a\bin\win32\libmat.dll
0x75d10000 - 0x75ef9000 	C:\Program Files\MATLAB\R2013a\bin\win32\hdf5dll.dll
0x7d9d0000 - 0x7da76000 	C:\Program Files\MATLAB\R2013a\bin\win32\jmi.dll
0x03e30000 - 0x03e3c000 	C:\Program Files\MATLAB\R2013a\bin\win32\nativejava_services.dll
0x732b0000 - 0x732e2000 	C:\Program Files\MATLAB\R2013a\bin\win32\libmwhardcopy.dll
0x7de70000 - 0x7deb8000 	C:\Program Files\MATLAB\R2013a\bin\win32\libuij.dll
0x03e40000 - 0x04012000 	C:\Program Files\MATLAB\R2013a\bin\win32\hgdatatypes.dll
0x7d2e0000 - 0x7d39d000 	C:\Program Files\MATLAB\R2013a\bin\win32\hgutils.dll
0x04020000 - 0x040a8000 	C:\Program Files\MATLAB\R2013a\bin\win32\udd_mi.dll
0x040b0000 - 0x040dd000 	C:\Program Files\MATLAB\R2013a\bin\win32\libmwgbtutils.dll
0x040e0000 - 0x040f0000 	C:\Program Files\MATLAB\R2013a\bin\win32\libmwgbt.dll
0x74dc0000 - 0x75065000 	C:\Program Files\MATLAB\R2013a\bin\win32\uiw.dll
0x73ee0000 - 0x73ee8000 	C:\Program Files\MATLAB\R2013a\bin\win32\uinone.dll
0x040f0000 - 0x0410e000 	C:\Program Files\MATLAB\R2013a\bin\win32\libmwnativefiledialogs.dll
0x04110000 - 0x04119000 	C:\Program Files\MATLAB\R2013a\bin\win32\libmwplatform_res.dll
0x71a50000 - 0x71a62000 	C:\WINDOWS\system32\MPR.dll
0x78b60000 - 0x78f98000 	C:\Program Files\MATLAB\R2013a\bin\win32\mfc100.dll
0x762d0000 - 0x762d5000 	C:\WINDOWS\system32\MSIMG32.dll
0x04120000 - 0x04146000 	C:\WINDOWS\system32\WINSPOOL.DRV
0x73710000 - 0x73726000 	C:\Program Files\MATLAB\R2013a\bin\win32\mwoles05.DLL
0x7dc40000 - 0x7dc93000 	C:\Program Files\MATLAB\R2013a\bin\win32\comcli.dll
0x78a60000 - 0x78a86000 	C:\Program Files\MATLAB\R2013a\bin\win32\ATL100.DLL
0x73e00000 - 0x73e0a000 	C:\Program Files\MATLAB\R2013a\bin\win32\mlautoregister.dll
0x04150000 - 0x0428c000 	C:\Program Files\MATLAB\R2013a\bin\win32\mvm.dll
0x762e0000 - 0x762fd000 	C:\WINDOWS\system32\IMM32.DLL
0x04590000 - 0x04599000 	C:\WINDOWS\system32\LPK.DLL
0x73f80000 - 0x73feb000 	C:\WINDOWS\system32\USP10.dll
0x77160000 - 0x77263000 	C:\WINDOWS\WinSxS\x86_Microsoft.Windows.Common-Controls_6595b64144ccf1df_6.0.2600.6028_x-ww_61e65202\comctl32.dll
0x04e60000 - 0x04e98000 	C:\WINDOWS\system32\UxTheme.dll
0x04c40000 - 0x04c4b000 	C:\Program Files\MATLAB\R2013a\bin\win32\MFC100JPN.DLL
0x04ec0000 - 0x04f02000 	C:\Program Files\MATLAB\R2013a\bin\win32\MVMLocal.dll
0x05130000 - 0x0513a000 	C:\Program Files\MATLAB\R2013a\bin\win32\xmlxrcsc.dll
0x05fa0000 - 0x061b2000 	C:\Program Files\NVIDIA Corporation\nview\nview.dll
0x76f00000 - 0x76f08000 	C:\WINDOWS\system32\WTSAPI32.dll
0x762b0000 - 0x762c0000 	C:\WINDOWS\system32\WINSTA.dll
0x76af0000 - 0x76b1b000 	C:\WINDOWS\system32\WINMM.dll
0x76c90000 - 0x76cb0000 	C:\WINDOWS\system32\NTMARTA.DLL
0x71b40000 - 0x71b53000 	C:\WINDOWS\system32\SAMLIB.dll
0x76f10000 - 0x76f3c000 	C:\WINDOWS\system32\WLDAP32.dll

VM Arguments:
jvm_args: -Xss512k -XX:PermSize=32m -Xms64m -XX:NewRatio=3 -XX:MaxPermSize=96m -Xmx128m -XX:MaxDirectMemorySize=1200000000 -Dsun.java2d.noddraw=true -Dsun.awt.nopixfmt=true -Xshare:off -Xrs -Dsun.awt.disableMixing=true -Djava.library.path=C:\Program Files\MATLAB\R2013a\bin\win32;C:\Program Files\MATLAB\R2013a\sys\jxbrowser\win32\lib vfprintf abort -XX:ParallelGCThreads=6 
java_command: <unknown>
Launcher Type: generic

Environment Variables:
JAVA_HOME=C:\Program Files\Java\jdk1.6.0_24
CLASSPATH=.;.C:\Program Files\Java\jdk1.6.0_24\lib;.C:\Program Files\Java\jdk1.6.0_24\lib\tools.jar;C:\Program Files\Java\jre6\lib\ext\QTJava.zip
PATH=C:\Program Files\NVIDIA Corporation\PhysX\Common;C:\WINDOWS\system32;C:\WINDOWS;C:\WINDOWS\System32\Wbem;C:\Program Files\MATLAB\R2013a\bin;C:\Program Files\MATLAB\R2010b\bin;C:\Program Files\MATLAB\R2010a\bin;C:\Program Files\MATLAB\R2009a\bin;C:\Program Files\MATLAB\R2009a\bin\win32;C:\Program Files\MATLAB\R2008a\bin;C:\Program Files\MATLAB\R2008a\bin\win32;C:\Program Files\Subversion\bin;C:\Program Files\MATLAB\R2007b\bin;C:\Program Files\MATLAB\R2007b\bin\win32;C:\Program Files\Java\jdk1.6.0_24\bin;C:\Program Files\Java\jdk1.6.0_24\jre\bin;C:\VXIPNP\WinNT\Bin;C:\Program Files\TortoiseGit\bin;C:\Program Files\QuickTime\QTSystem\
USERNAME=eeg
OS=Windows_NT
PROCESSOR_IDENTIFIER=x86 Family 6 Model 42 Stepping 7, GenuineIntel



---------------  S Y S T E M  ---------------

OS: Windows XP Build 2600 Service Pack 3

CPU:total 8 (8 cores per cpu, 2 threads per core) family 6 model 42 stepping 7, cmov, cx8, fxsr, mmx, sse, sse2, sse3, ssse3, sse4.1, sse4.2, ht

Memory: 4k page, physical 3397144k(1664252k free), swap 4194303k(3551224k free)

vm_info: Java HotSpot(TM) Client VM (14.3-b01) for windows-x86 JRE (1.6.0_17-b04), built on Oct 11 2009 00:52:06 by "java_re" with MS VC++ 7.1

time: Tue Jun 03 15:15:44 2014
elapsed time: 1785 seconds

